<?xml version="1.0" encoding="UTF-8"?>
<!-- Generated by org.testng.reporters.JUnitReportReporter -->
<testsuite hostname="LAPTOP-JOBMVT2Q" failures="0" tests="2" name="datadriven.UsingExcel" time="23.223" errors="0" timestamp="14 Apr 2019 11:18:27 GMT" skipped="0">
  <testcase classname="datadriven.UsingExcel" name="testUsingExcel" time="12.663"/>
  <testcase classname="datadriven.UsingExcel" name="testUsingExcel" time="10.560"/>
</testsuite> <!-- datadriven.UsingExcel -->
