<?xml version="1.0" encoding="UTF-8"?>
<!-- Generated by org.testng.reporters.JUnitReportReporter -->
<testsuite hostname="LAPTOP-JOBMVT2Q" failures="0" tests="1" name="fileUpload.FileUploadWindowsAutoIT" time="24.216" errors="0" timestamp="28 Apr 2019 14:35:55 GMT" skipped="0">
  <testcase classname="fileUpload.FileUploadWindowsAutoIT" name="fileUpload" time="24.216"/>
</testsuite> <!-- fileUpload.FileUploadWindowsAutoIT -->
