<?xml version="1.0" encoding="UTF-8"?>
<!-- Generated by org.testng.reporters.JUnitReportReporter -->
<testsuite hostname="LAPTOP-JOBMVT2Q" failures="0" tests="1" name="fileUpload.FileUploadWindows" time="21.600" errors="0" timestamp="28 Apr 2019 14:16:44 GMT" skipped="0">
  <testcase classname="fileUpload.FileUploadWindows" name="fileUpload" time="21.600"/>
</testsuite> <!-- fileUpload.FileUploadWindows -->
