<?xml version="1.0" encoding="UTF-8"?>
<!-- Generated by org.testng.reporters.JUnitReportReporter -->
<testsuite hostname="LAPTOP-JOBMVT2Q" failures="0" tests="1" name="datadriven.UsingExcel_SingleDataSet" time="8.206" errors="0" timestamp="14 Apr 2019 12:10:47 GMT" skipped="0">
  <testcase classname="datadriven.UsingExcel_SingleDataSet" name="testUsingExcel" time="8.206"/>
</testsuite> <!-- datadriven.UsingExcel_SingleDataSet -->
