<?xml version="1.0" encoding="UTF-8"?>
<!-- Generated by org.testng.reporters.JUnitReportReporter -->
<testsuite hostname="LAPTOP-JOBMVT2Q" failures="0" tests="3" name="testClasses.TestAnnotation" time="0.010" errors="0" timestamp="04 Apr 2019 15:34:21 GMT" skipped="0">
  <testcase classname="testClasses.TestAnnotation" name="testMethod1" time="0.008"/>
  <testcase classname="testClasses.TestAnnotation" name="testMethod2" time="0.001"/>
  <testcase classname="testClasses.TestAnnotation" name="testMethod3" time="0.001"/>
</testsuite> <!-- testClasses.TestAnnotation -->
