<?xml version="1.0" encoding="UTF-8"?>
<!-- Generated by org.testng.reporters.JUnitReportReporter -->
<testsuite hostname="LAPTOP-JOBMVT2Q" failures="0" tests="2" name="testClasses.preserve2" time="0.016" errors="0" timestamp="05 Apr 2019 11:05:58 GMT" skipped="0">
  <testcase classname="testClasses.preserve2" name="testMethod1" time="0.016"/>
  <testcase classname="testClasses.preserve2" name="testMethod2" time="0.000"/>
</testsuite> <!-- testClasses.preserve2 -->
