<?xml version="1.0" encoding="UTF-8"?>
<!-- Generated by org.testng.reporters.JUnitReportReporter -->
<testsuite hostname="LAPTOP-JOBMVT2Q" failures="0" tests="2" name="loginInParallel.TestNG_seleniumParamtersParallelExample" time="17.567" errors="0" timestamp="05 Apr 2019 13:18:33 GMT" skipped="0">
  <testcase classname="loginInParallel.TestNG_seleniumParamtersParallelExample" name="testLogin" time="8.795"/>
  <testcase classname="loginInParallel.TestNG_seleniumParamtersParallelExample" name="testLogin" time="8.772"/>
</testsuite> <!-- loginInParallel.TestNG_seleniumParamtersParallelExample -->
