<?xml version="1.0" encoding="UTF-8"?>
<!-- Generated by org.testng.reporters.JUnitReportReporter -->
<testsuite hostname="LAPTOP-JOBMVT2Q" failures="0" tests="1" name="extenreports.Test1" time="4.936" errors="0" timestamp="13 Apr 2019 14:41:44 GMT" skipped="0">
  <testcase classname="extenreports.Test1" name="test1_validLoginTest" time="4.936"/>
</testsuite> <!-- extenreports.Test1 -->
