<?xml version="1.0" encoding="UTF-8"?>
<!-- Generated by org.testng.reporters.JUnitReportReporter -->
<testsuite hostname="LAPTOP-JOBMVT2Q" failures="0" tests="2" name="regressionsuite.TestNG_TestClass2" time="0.005" errors="0" timestamp="05 Apr 2019 05:05:37 GMT" skipped="0">
  <testcase classname="regressionsuite.TestNG_TestClass2" name="testMethod1" time="0.002"/>
  <testcase classname="regressionsuite.TestNG_TestClass2" name="testMethod2" time="0.003"/>
</testsuite> <!-- regressionsuite.TestNG_TestClass2 -->
