<?xml version="1.0" encoding="UTF-8"?>
<!-- Generated by org.testng.reporters.JUnitReportReporter -->
<testsuite hostname="LAPTOP-JOBMVT2Q" failures="0" tests="2" name="loginInParallel.TestNG_seleniumParamtersParallelExample" time="17.842" errors="0" timestamp="13 Apr 2019 04:46:33 GMT" skipped="0">
  <testcase classname="loginInParallel.TestNG_seleniumParamtersParallelExample" name="testLogin" time="8.392"/>
  <testcase classname="loginInParallel.TestNG_seleniumParamtersParallelExample" name="testLogin" time="9.450"/>
</testsuite> <!-- loginInParallel.TestNG_seleniumParamtersParallelExample -->
