<?xml version="1.0" encoding="UTF-8"?>
<!-- Generated by org.testng.reporters.JUnitReportReporter -->
<testsuite hostname="LAPTOP-JOBMVT2Q" failures="0" tests="2" name="testClasses.TestNG_EnableTimeout" time="0.209" errors="0" timestamp="05 Apr 2019 10:23:10 GMT" skipped="1">
  <testcase classname="testClasses.TestNG_EnableTimeout" name="testMethod2" time="0.209"/>
  <testcase classname="testClasses.TestNG_EnableTimeout" name="testMethod1">
    <skipped/>
  </testcase> <!-- testMethod1 -->
</testsuite> <!-- testClasses.TestNG_EnableTimeout -->
