<?xml version="1.0" encoding="UTF-8"?>
<!-- Generated by org.testng.reporters.JUnitReportReporter -->
<testsuite hostname="LAPTOP-JOBMVT2Q" failures="0" tests="2" name="testClasses.TestNG_TestParallel1" time="12.011" errors="0" timestamp="05 Apr 2019 11:43:46 GMT" skipped="0">
  <testcase classname="testClasses.TestNG_TestParallel1" name="testMethod1" time="6.009"/>
  <testcase classname="testClasses.TestNG_TestParallel1" name="testMethod2" time="6.002"/>
</testsuite> <!-- testClasses.TestNG_TestParallel1 -->
