<?xml version="1.0" encoding="UTF-8"?>
<!-- Generated by org.testng.reporters.JUnitReportReporter -->
<testsuite hostname="LAPTOP-JOBMVT2Q" failures="0" tests="2" name="testClasses.TestNG_BeforeClassAnnotations" time="0.006" errors="0" timestamp="04 Apr 2019 18:24:44 GMT" skipped="0">
  <testcase classname="testClasses.TestNG_BeforeClassAnnotations" name="testMethod2" time="0.002"/>
  <testcase classname="testClasses.TestNG_BeforeClassAnnotations" name="testMethod1" time="0.004"/>
</testsuite> <!-- testClasses.TestNG_BeforeClassAnnotations -->
