<?xml version="1.0" encoding="UTF-8"?>
<!-- Generated by org.testng.reporters.JUnitReportReporter -->
<testsuite hostname="LAPTOP-JOBMVT2Q" failures="0" tests="2" name="regressionsuite.TestNG_TestClass1" time="0.000" errors="0" timestamp="05 Apr 2019 05:11:37 GMT" skipped="0">
  <testcase classname="regressionsuite.TestNG_TestClass1" name="testMethod2" time="0.000"/>
  <testcase classname="regressionsuite.TestNG_TestClass1" name="testMethod1" time="0.000"/>
</testsuite> <!-- regressionsuite.TestNG_TestClass1 -->
