<?xml version="1.0" encoding="UTF-8"?>
<!-- Generated by org.testng.reporters.JUnitReportReporter -->
<testsuite hostname="LAPTOP-JOBMVT2Q" failures="0" tests="1" name="testClasses.TestNG_TestParameters" time="0.004" errors="0" timestamp="05 Apr 2019 11:23:25 GMT" skipped="0">
  <testcase classname="testClasses.TestNG_TestParameters" name="testMethod1" time="0.004"/>
</testsuite> <!-- testClasses.TestNG_TestParameters -->
