<?xml version="1.0" encoding="UTF-8"?>
<!-- Generated by org.testng.reporters.JUnitReportReporter -->
<testsuite hostname="LAPTOP-JOBMVT2Q" failures="0" tests="2" name="testClasses.TestNG_Grouping" time="0.005" errors="0" timestamp="05 Apr 2019 06:15:54 GMT" skipped="0">
  <testcase classname="testClasses.TestNG_Grouping" name="testBMWX6" time="0.001"/>
  <testcase classname="testClasses.TestNG_Grouping" name="testAudiA6" time="0.004"/>
</testsuite> <!-- testClasses.TestNG_Grouping -->
