<?xml version="1.0" encoding="UTF-8"?>
<!-- Generated by org.testng.reporters.JUnitReportReporter -->
<testsuite hostname="LAPTOP-JOBMVT2Q" failures="0" tests="1" name="extenreports.LoginTest" time="5.012" errors="0" timestamp="14 Apr 2019 04:26:07 GMT" skipped="0">
  <testcase classname="extenreports.LoginTest" name="test1_validLoginTest" time="5.012"/>
</testsuite> <!-- extenreports.LoginTest -->
