<?xml version="1.0" encoding="UTF-8"?>
<!-- Generated by org.testng.reporters.JUnitReportReporter -->
<testsuite hostname="LAPTOP-JOBMVT2Q" failures="0" tests="3" name="testClasses.TestNG_DataProviders" time="0.008" errors="0" timestamp="05 Apr 2019 18:19:18 GMT" skipped="0">
  <testcase classname="testClasses.TestNG_DataProviders" name="testMethod1" time="0.001"/>
  <testcase classname="testClasses.TestNG_DataProviders" name="testMethod1" time="0.001"/>
  <testcase classname="testClasses.TestNG_DataProviders" name="testMethod1" time="0.006"/>
</testsuite> <!-- testClasses.TestNG_DataProviders -->
