<?xml version="1.0" encoding="UTF-8"?>
<!-- Generated by org.testng.reporters.JUnitReportReporter -->
<testsuite hostname="LAPTOP-JOBMVT2Q" failures="0" tests="1" name="extenreports.HomePage" time="4.696" errors="0" timestamp="14 Apr 2019 03:28:39 GMT" skipped="0">
  <testcase classname="extenreports.HomePage" name="test1_validLoginTest" time="4.696"/>
</testsuite> <!-- extenreports.HomePage -->
