<?xml version="1.0" encoding="UTF-8"?>
<!-- Generated by org.testng.reporters.JUnitReportReporter -->
<testsuite hostname="LAPTOP-JOBMVT2Q" failures="0" tests="1" name="extenreports.SeleniumLoginTest" time="5.629" errors="0" timestamp="13 Apr 2019 14:30:00 GMT" skipped="0">
  <testcase classname="extenreports.SeleniumLoginTest" name="test1_validLoginTest" time="5.629"/>
</testsuite> <!-- extenreports.SeleniumLoginTest -->
