<?xml version="1.0" encoding="UTF-8"?>
<!-- Generated by org.testng.reporters.JUnitReportReporter -->
<testsuite hostname="LAPTOP-JOBMVT2Q" failures="0" tests="2" name="testClasses.TestNG_TestParallel2" time="12.012" errors="0" timestamp="01 May 2019 15:19:13 GMT" skipped="0">
  <testcase classname="testClasses.TestNG_TestParallel2" name="testMethod2" time="6.001"/>
  <testcase classname="testClasses.TestNG_TestParallel2" name="testMethod1" time="6.011"/>
</testsuite> <!-- testClasses.TestNG_TestParallel2 -->
