<?xml version="1.0" encoding="UTF-8"?>
<!-- Generated by org.testng.reporters.JUnitReportReporter -->
<testsuite hostname="LAPTOP-JOBMVT2Q" failures="0" tests="3" name="testClasses.TestNG_Priority" time="0.016" errors="0" timestamp="05 Apr 2019 05:40:30 GMT" skipped="0">
  <testcase classname="testClasses.TestNG_Priority" name="testMethod3" time="0.016"/>
  <testcase classname="testClasses.TestNG_Priority" name="testMethod2" time="0.000"/>
  <testcase classname="testClasses.TestNG_Priority" name="testMethod1" time="0.000"/>
</testsuite> <!-- testClasses.TestNG_Priority -->
